<?xml version="1.0" encoding="UTF-8" ?>
<testsuite failures="0" time="0" errors="0" skipped="0" tests="0" name="ExpressionTest">
  <properties>
    <property name="java.runtime.name" value="Java(TM) SE Runtime Environment"/>
    <property name="sun.boot.library.path" value="C:\Program Files\Java\jdk1.6.0_17\jre\bin"/>
    <property name="java.vm.version" value="14.3-b01"/>
    <property name="java.vm.vendor" value="Sun Microsystems Inc."/>
    <property name="java.vendor.url" value="http://java.sun.com/"/>
    <property name="path.separator" value=";"/>
    <property name="java.vm.name" value="Java HotSpot(TM) Client VM"/>
    <property name="file.encoding.pkg" value="sun.io"/>
    <property name="user.country" value="US"/>
    <property name="sun.java.launcher" value="SUN_STANDARD"/>
    <property name="sun.os.patch.level" value="Service Pack 3"/>
    <property name="java.vm.specification.name" value="Java Virtual Machine Specification"/>
    <property name="user.dir" value="D:\Workspace\demo-jsf"/>
    <property name="java.runtime.version" value="1.6.0_17-b04"/>
    <property name="java.awt.graphicsenv" value="sun.awt.Win32GraphicsEnvironment"/>
    <property name="basedir" value="D:\Workspace\demo-jsf"/>
    <property name="java.endorsed.dirs" value="C:\Program Files\Java\jdk1.6.0_17\jre\lib\endorsed"/>
    <property name="os.arch" value="x86"/>
    <property name="surefire.real.class.path" value="D:\Workspace\demo-jsf\target\surefire\surefirebooter8146219700920536426.jar"/>
    <property name="java.io.tmpdir" value="C:\DOCUME~1\Tran\LOCALS~1\Temp\"/>
    <property name="line.separator" value="
"/>
    <property name="java.vm.specification.vendor" value="Sun Microsystems Inc."/>
    <property name="user.variant" value=""/>
    <property name="os.name" value="Windows XP"/>
    <property name="sun.jnu.encoding" value="Cp1258"/>
    <property name="java.library.path" value="C:\Program Files\Java\jdk1.6.0_17\jre\bin;.;C:\WINDOWS\Sun\Java\bin;C:\WINDOWS\system32;C:\WINDOWS;C:/Program Files/Java/jre6/bin/client;C:/Program Files/Java/jre6/bin;C:/Program Files/Java/jre6/lib/i386;c:\app\Admin\product\11.2.0\client_1\bin;C:\WINDOWS\system32;C:\WINDOWS;C:\WINDOWS\System32\Wbem;C:\Arc;C:\Progra~1\WinRAR;C:\PROGRA~1\CA\SHARED~1\CAIPTO~1\bin;C:\PROGRA~1\CA\SHARED~1\CAIPTO~1\lib;d:\Programs\apache-maven-2.2.1\bin\;c:\Program Files\Java\jdk1.6.0_17\bin\;C:\Program Files\TortoiseSVN\bin;D:\Programs\ide\eclipse;"/>
    <property name="surefire.test.class.path" value="D:\Workspace\demo-jsf\target\test-classes;D:\Workspace\demo-jsf\target\classes;C:\Documents and Settings\Tran\.m2\repository\junit\junit\3.8.1\junit-3.8.1.jar;C:\Documents and Settings\Tran\.m2\repository\org\primefaces\primefaces\3.3\primefaces-3.3.jar;C:\Documents and Settings\Tran\.m2\repository\org\primefaces\themes\cupertino\1.0.8\cupertino-1.0.8.jar;C:\Documents and Settings\Tran\.m2\repository\com\sun\faces\jsf-api\2.1.0-b03\jsf-api-2.1.0-b03.jar;C:\Documents and Settings\Tran\.m2\repository\com\sun\faces\jsf-impl\2.1.0-b03\jsf-impl-2.1.0-b03.jar;C:\Documents and Settings\Tran\.m2\repository\javax\el\el-api\2.2\el-api-2.2.jar;C:\Documents and Settings\Tran\.m2\repository\org\glassfish\web\el-impl\2.2\el-impl-2.2.jar;C:\Documents and Settings\Tran\.m2\repository\org\apache\commons\commons-jexl\2.0.1\commons-jexl-2.0.1.jar;C:\Documents and Settings\Tran\.m2\repository\commons-logging\commons-logging\1.1.1\commons-logging-1.1.1.jar;C:\Documents and Settings\Tran\.m2\repository\org\springframework\spring-core\3.0.1.RELEASE\spring-core-3.0.1.RELEASE.jar;C:\Documents and Settings\Tran\.m2\repository\org\springframework\spring-asm\3.0.1.RELEASE\spring-asm-3.0.1.RELEASE.jar;C:\Documents and Settings\Tran\.m2\repository\org\springframework\spring-expression\3.0.1.RELEASE\spring-expression-3.0.1.RELEASE.jar;C:\Documents and Settings\Tran\.m2\repository\org\springframework\spring-beans\3.0.1.RELEASE\spring-beans-3.0.1.RELEASE.jar;C:\Documents and Settings\Tran\.m2\repository\org\springframework\spring-aop\3.0.1.RELEASE\spring-aop-3.0.1.RELEASE.jar;C:\Documents and Settings\Tran\.m2\repository\aopalliance\aopalliance\1.0\aopalliance-1.0.jar;C:\Documents and Settings\Tran\.m2\repository\org\springframework\spring-context\3.0.1.RELEASE\spring-context-3.0.1.RELEASE.jar;C:\Documents and Settings\Tran\.m2\repository\org\springframework\spring-web\3.0.1.RELEASE\spring-web-3.0.1.RELEASE.jar;C:\Documents and Settings\Tran\.m2\repository\org\springframework\spring-webmvc\3.0.1.RELEASE\spring-webmvc-3.0.1.RELEASE.jar;C:\Documents and Settings\Tran\.m2\repository\org\springframework\spring-oxm\3.0.1.RELEASE\spring-oxm-3.0.1.RELEASE.jar;C:\Documents and Settings\Tran\.m2\repository\org\springframework\spring-tx\3.0.1.RELEASE\spring-tx-3.0.1.RELEASE.jar;C:\Documents and Settings\Tran\.m2\repository\org\springframework\spring-orm\3.0.1.RELEASE\spring-orm-3.0.1.RELEASE.jar;C:\Documents and Settings\Tran\.m2\repository\org\springframework\spring-jdbc\3.0.1.RELEASE\spring-jdbc-3.0.1.RELEASE.jar;C:\Documents and Settings\Tran\.m2\repository\org\springframework\spring-test\3.0.1.RELEASE\spring-test-3.0.1.RELEASE.jar;C:\Documents and Settings\Tran\.m2\repository\org\aspectj\aspectjweaver\1.6.2\aspectjweaver-1.6.2.jar;C:\Documents and Settings\Tran\.m2\repository\org\aspectj\aspectjrt\1.6.2\aspectjrt-1.6.2.jar;C:\Documents and Settings\Tran\.m2\repository\org\slf4j\slf4j-log4j12\1.4.2\slf4j-log4j12-1.4.2.jar;C:\Documents and Settings\Tran\.m2\repository\org\slf4j\slf4j-api\1.4.2\slf4j-api-1.4.2.jar;C:\Documents and Settings\Tran\.m2\repository\log4j\log4j\1.2.13\log4j-1.2.13.jar;C:\Documents and Settings\Tran\.m2\repository\cglib\cglib-nodep\2.1_3\cglib-nodep-2.1_3.jar;C:\Documents and Settings\Tran\.m2\repository\org\hibernate\hibernate-annotations\3.2.0.ga\hibernate-annotations-3.2.0.ga.jar;C:\Documents and Settings\Tran\.m2\repository\org\hibernate\hibernate\3.2.6.ga\hibernate-3.2.6.ga.jar;C:\Documents and Settings\Tran\.m2\repository\net\sf\ehcache\ehcache\1.2.3\ehcache-1.2.3.jar;C:\Documents and Settings\Tran\.m2\repository\javax\transaction\jta\1.0.1B\jta-1.0.1B.jar;C:\Documents and Settings\Tran\.m2\repository\asm\asm-attrs\1.5.3\asm-attrs-1.5.3.jar;C:\Documents and Settings\Tran\.m2\repository\dom4j\dom4j\1.6.1\dom4j-1.6.1.jar;C:\Documents and Settings\Tran\.m2\repository\antlr\antlr\2.7.6\antlr-2.7.6.jar;C:\Documents and Settings\Tran\.m2\repository\cglib\cglib\2.1_3\cglib-2.1_3.jar;C:\Documents and Settings\Tran\.m2\repository\asm\asm\1.5.3\asm-1.5.3.jar;C:\Documents and Settings\Tran\.m2\repository\commons-collections\commons-collections\2.1.1\commons-collections-2.1.1.jar;C:\Documents and Settings\Tran\.m2\repository\javax\persistence\persistence-api\1.0\persistence-api-1.0.jar;C:\Documents and Settings\Tran\.m2\repository\javassist\javassist\3.11.0.GA\javassist-3.11.0.GA.jar;C:\Documents and Settings\Tran\.m2\repository\commons-dbcp\commons-dbcp\1.4\commons-dbcp-1.4.jar;C:\Documents and Settings\Tran\.m2\repository\commons-pool\commons-pool\1.4\commons-pool-1.4.jar;C:\Documents and Settings\Tran\.m2\repository\postgresql\postgresql\9.0-801.jdbc4\postgresql-9.0-801.jdbc4.jar;"/>
    <property name="java.specification.name" value="Java Platform API Specification"/>
    <property name="java.class.version" value="50.0"/>
    <property name="sun.management.compiler" value="HotSpot Client Compiler"/>
    <property name="os.version" value="5.1"/>
    <property name="user.home" value="C:\Documents and Settings\Tran"/>
    <property name="user.timezone" value=""/>
    <property name="java.awt.printerjob" value="sun.awt.windows.WPrinterJob"/>
    <property name="java.specification.version" value="1.6"/>
    <property name="file.encoding" value="Cp1252"/>
    <property name="user.name" value="Tran"/>
    <property name="java.class.path" value="D:\Workspace\demo-jsf\target\test-classes;D:\Workspace\demo-jsf\target\classes;C:\Documents and Settings\Tran\.m2\repository\junit\junit\3.8.1\junit-3.8.1.jar;C:\Documents and Settings\Tran\.m2\repository\org\primefaces\primefaces\3.3\primefaces-3.3.jar;C:\Documents and Settings\Tran\.m2\repository\org\primefaces\themes\cupertino\1.0.8\cupertino-1.0.8.jar;C:\Documents and Settings\Tran\.m2\repository\com\sun\faces\jsf-api\2.1.0-b03\jsf-api-2.1.0-b03.jar;C:\Documents and Settings\Tran\.m2\repository\com\sun\faces\jsf-impl\2.1.0-b03\jsf-impl-2.1.0-b03.jar;C:\Documents and Settings\Tran\.m2\repository\javax\el\el-api\2.2\el-api-2.2.jar;C:\Documents and Settings\Tran\.m2\repository\org\glassfish\web\el-impl\2.2\el-impl-2.2.jar;C:\Documents and Settings\Tran\.m2\repository\org\apache\commons\commons-jexl\2.0.1\commons-jexl-2.0.1.jar;C:\Documents and Settings\Tran\.m2\repository\commons-logging\commons-logging\1.1.1\commons-logging-1.1.1.jar;C:\Documents and Settings\Tran\.m2\repository\org\springframework\spring-core\3.0.1.RELEASE\spring-core-3.0.1.RELEASE.jar;C:\Documents and Settings\Tran\.m2\repository\org\springframework\spring-asm\3.0.1.RELEASE\spring-asm-3.0.1.RELEASE.jar;C:\Documents and Settings\Tran\.m2\repository\org\springframework\spring-expression\3.0.1.RELEASE\spring-expression-3.0.1.RELEASE.jar;C:\Documents and Settings\Tran\.m2\repository\org\springframework\spring-beans\3.0.1.RELEASE\spring-beans-3.0.1.RELEASE.jar;C:\Documents and Settings\Tran\.m2\repository\org\springframework\spring-aop\3.0.1.RELEASE\spring-aop-3.0.1.RELEASE.jar;C:\Documents and Settings\Tran\.m2\repository\aopalliance\aopalliance\1.0\aopalliance-1.0.jar;C:\Documents and Settings\Tran\.m2\repository\org\springframework\spring-context\3.0.1.RELEASE\spring-context-3.0.1.RELEASE.jar;C:\Documents and Settings\Tran\.m2\repository\org\springframework\spring-web\3.0.1.RELEASE\spring-web-3.0.1.RELEASE.jar;C:\Documents and Settings\Tran\.m2\repository\org\springframework\spring-webmvc\3.0.1.RELEASE\spring-webmvc-3.0.1.RELEASE.jar;C:\Documents and Settings\Tran\.m2\repository\org\springframework\spring-oxm\3.0.1.RELEASE\spring-oxm-3.0.1.RELEASE.jar;C:\Documents and Settings\Tran\.m2\repository\org\springframework\spring-tx\3.0.1.RELEASE\spring-tx-3.0.1.RELEASE.jar;C:\Documents and Settings\Tran\.m2\repository\org\springframework\spring-orm\3.0.1.RELEASE\spring-orm-3.0.1.RELEASE.jar;C:\Documents and Settings\Tran\.m2\repository\org\springframework\spring-jdbc\3.0.1.RELEASE\spring-jdbc-3.0.1.RELEASE.jar;C:\Documents and Settings\Tran\.m2\repository\org\springframework\spring-test\3.0.1.RELEASE\spring-test-3.0.1.RELEASE.jar;C:\Documents and Settings\Tran\.m2\repository\org\aspectj\aspectjweaver\1.6.2\aspectjweaver-1.6.2.jar;C:\Documents and Settings\Tran\.m2\repository\org\aspectj\aspectjrt\1.6.2\aspectjrt-1.6.2.jar;C:\Documents and Settings\Tran\.m2\repository\org\slf4j\slf4j-log4j12\1.4.2\slf4j-log4j12-1.4.2.jar;C:\Documents and Settings\Tran\.m2\repository\org\slf4j\slf4j-api\1.4.2\slf4j-api-1.4.2.jar;C:\Documents and Settings\Tran\.m2\repository\log4j\log4j\1.2.13\log4j-1.2.13.jar;C:\Documents and Settings\Tran\.m2\repository\cglib\cglib-nodep\2.1_3\cglib-nodep-2.1_3.jar;C:\Documents and Settings\Tran\.m2\repository\org\hibernate\hibernate-annotations\3.2.0.ga\hibernate-annotations-3.2.0.ga.jar;C:\Documents and Settings\Tran\.m2\repository\org\hibernate\hibernate\3.2.6.ga\hibernate-3.2.6.ga.jar;C:\Documents and Settings\Tran\.m2\repository\net\sf\ehcache\ehcache\1.2.3\ehcache-1.2.3.jar;C:\Documents and Settings\Tran\.m2\repository\javax\transaction\jta\1.0.1B\jta-1.0.1B.jar;C:\Documents and Settings\Tran\.m2\repository\asm\asm-attrs\1.5.3\asm-attrs-1.5.3.jar;C:\Documents and Settings\Tran\.m2\repository\dom4j\dom4j\1.6.1\dom4j-1.6.1.jar;C:\Documents and Settings\Tran\.m2\repository\antlr\antlr\2.7.6\antlr-2.7.6.jar;C:\Documents and Settings\Tran\.m2\repository\cglib\cglib\2.1_3\cglib-2.1_3.jar;C:\Documents and Settings\Tran\.m2\repository\asm\asm\1.5.3\asm-1.5.3.jar;C:\Documents and Settings\Tran\.m2\repository\commons-collections\commons-collections\2.1.1\commons-collections-2.1.1.jar;C:\Documents and Settings\Tran\.m2\repository\javax\persistence\persistence-api\1.0\persistence-api-1.0.jar;C:\Documents and Settings\Tran\.m2\repository\javassist\javassist\3.11.0.GA\javassist-3.11.0.GA.jar;C:\Documents and Settings\Tran\.m2\repository\commons-dbcp\commons-dbcp\1.4\commons-dbcp-1.4.jar;C:\Documents and Settings\Tran\.m2\repository\commons-pool\commons-pool\1.4\commons-pool-1.4.jar;C:\Documents and Settings\Tran\.m2\repository\postgresql\postgresql\9.0-801.jdbc4\postgresql-9.0-801.jdbc4.jar;"/>
    <property name="java.vm.specification.version" value="1.0"/>
    <property name="sun.arch.data.model" value="32"/>
    <property name="java.home" value="C:\Program Files\Java\jdk1.6.0_17\jre"/>
    <property name="java.specification.vendor" value="Sun Microsystems Inc."/>
    <property name="user.language" value="en"/>
    <property name="awt.toolkit" value="sun.awt.windows.WToolkit"/>
    <property name="java.vm.info" value="mixed mode, sharing"/>
    <property name="java.version" value="1.6.0_17"/>
    <property name="java.ext.dirs" value="C:\Program Files\Java\jdk1.6.0_17\jre\lib\ext;C:\WINDOWS\Sun\Java\lib\ext"/>
    <property name="sun.boot.class.path" value="C:\Program Files\Java\jdk1.6.0_17\jre\lib\resources.jar;C:\Program Files\Java\jdk1.6.0_17\jre\lib\rt.jar;C:\Program Files\Java\jdk1.6.0_17\jre\lib\sunrsasign.jar;C:\Program Files\Java\jdk1.6.0_17\jre\lib\jsse.jar;C:\Program Files\Java\jdk1.6.0_17\jre\lib\jce.jar;C:\Program Files\Java\jdk1.6.0_17\jre\lib\charsets.jar;C:\Program Files\Java\jdk1.6.0_17\jre\classes"/>
    <property name="java.vendor" value="Sun Microsystems Inc."/>
    <property name="localRepository" value="C:\Documents and Settings\Tran\.m2\repository"/>
    <property name="file.separator" value="\"/>
    <property name="java.vendor.url.bug" value="http://java.sun.com/cgi-bin/bugreport.cgi"/>
    <property name="sun.cpu.endian" value="little"/>
    <property name="sun.io.unicode.encoding" value="UnicodeLittle"/>
    <property name="sun.desktop" value="windows"/>
    <property name="sun.cpu.isalist" value="pentium_pro+mmx pentium_pro pentium+mmx pentium i486 i386 i86"/>
  </properties>
</testsuite>